<?xml version="1.0" encoding="UTF-8"?>
<!-- Generated by org.testng.reporters.JUnitReportReporter -->
<testsuite skipped="0" hostname="SOFTTEST" name="ProjectFieldTest.projectmvn.Abcrun" tests="1" failures="0" timestamp="15 Jun 2019 14:33:53 GMT" time="3.565" errors="0">
  <testcase name="testcaseexecution" time="3.565" classname="ProjectFieldTest.projectmvn.Abcrun"/>
</testsuite> <!-- ProjectFieldTest.projectmvn.Abcrun -->
